<?xml version="1.0" encoding="UTF-8"?>
<!-- Generated by org.testng.reporters.JUnitReportReporter -->
<testsuite skipped="0" hostname="admindeMacBook-Pro-77.local" name="test03" tests="1" failures="0" timestamp="2020-07-26T16:17:34 CST" time="0.004" errors="0">
  <testcase name="test" time="0.004" classname="test03"/>
  <system-out/>
</testsuite> <!-- test03 -->
